{
  "RSpec": {
    "coverage": {
      "/Users/mac/chirpboard/app/helpers/application_helper.rb": {
        "lines": [
          1,
          1,
          null
        ]
      },
      "/Users/mac/chirpboard/app/helpers/follows_helper.rb": {
        "lines": [
          1,
          null
        ]
      },
      "/Users/mac/chirpboard/app/helpers/home_helper.rb": {
        "lines": [
          1,
          null
        ]
      },
      "/Users/mac/chirpboard/app/helpers/post_api_helper.rb": {
        "lines": [
          1,
          null
        ]
      },
      "/Users/mac/chirpboard/app/helpers/posts_helper.rb": {
        "lines": [
          1,
          null
        ]
      },
      "/Users/mac/chirpboard/app/helpers/sessions_helper.rb": {
        "lines": [
          1,
          null
        ]
      },
      "/Users/mac/chirpboard/app/helpers/users_helper.rb": {
        "lines": [
          1,
          null
        ]
      },
      "/Users/mac/chirpboard/app/jobs/weekly_digest_job.rb": {
        "lines": [
          1,
          1,
          null,
          1,
          null,
          1,
          2,
          null,
          null,
          null,
          null
        ]
      },
      "/Users/mac/chirpboard/app/mailers/post_mailer.rb": {
        "lines": [
          1,
          null,
          null,
          null,
          null,
          null,
          1,
          1,
          2,
          2,
          null,
          2,
          null,
          null,
          null,
          null,
          null
        ]
      },
      "/Users/mac/chirpboard/app/models/follow.rb": {
        "lines": [
          1,
          1,
          1,
          null,
          1,
          null
        ]
      },
      "/Users/mac/chirpboard/app/models/post.rb": {
        "lines": [
          1,
          1,
          null,
          1,
          null,
          2,
          null
        ]
      },
      "/Users/mac/chirpboard/app/models/user.rb": {
        "lines": [
          1,
          null,
          1,
          1,
          1,
          1,
          1,
          null,
          null,
          1,
          1,
          68,
          69,
          null,
          69,
          null,
          null,
          1,
          null,
          null,
          1,
          1,
          null,
          null,
          1,
          1,
          null,
          1,
          null,
          1,
          null,
          1,
          1,
          5,
          null,
          null,
          1,
          8,
          null,
          7,
          null,
          6,
          null,
          1,
          2,
          null,
          1,
          1,
          3,
          3,
          3,
          null,
          3,
          null,
          3,
          null,
          null,
          null,
          null,
          null,
          null
        ]
      },
      "/Users/mac/chirpboard/app/controllers/api/v1/users_controller.rb": {
        "lines": [
          1,
          1,
          1,
          null,
          1,
          1,
          1,
          2,
          null,
          2,
          null,
          null,
          1,
          null,
          null,
          null,
          null,
          null,
          null,
          1,
          null,
          null,
          null,
          1,
          3,
          1,
          1,
          null,
          null,
          2,
          1,
          1,
          null,
          null,
          1,
          1,
          null,
          null,
          1,
          null,
          2,
          1,
          1,
          null,
          null,
          1,
          1,
          null,
          null,
          1,
          1,
          2,
          null,
          null,
          1,
          5,
          null,
          0,
          null,
          null,
          null
        ]
      },
      "/Users/mac/chirpboard/app/controllers/api/v1/base_controller.rb": {
        "lines": [
          1,
          1,
          1,
          1,
          1,
          null,
          1,
          null,
          1,
          null,
          1,
          11,
          null,
          11,
          null,
          11,
          null,
          null,
          1,
          13,
          null,
          null,
          null
        ]
      },
      "/Users/mac/chirpboard/app/controllers/application_controller.rb": {
        "lines": [
          1,
          1,
          null,
          1,
          null,
          null,
          1,
          null,
          1,
          null,
          1,
          51,
          null,
          null,
          1,
          null,
          12,
          null,
          1,
          2,
          0,
          null,
          null,
          null
        ]
      },
      "/Users/mac/chirpboard/app/controllers/api/v1/posts_controller.rb": {
        "lines": [
          1,
          1,
          1,
          null,
          null,
          1,
          null,
          null,
          1,
          1,
          null,
          null,
          null,
          null,
          1,
          2,
          null,
          2,
          1,
          null,
          1,
          null,
          null,
          null,
          1,
          2,
          2,
          1,
          1,
          null,
          null,
          1,
          null,
          null,
          null,
          null,
          1,
          1,
          2,
          null,
          null,
          null
        ]
      },
      "/Users/mac/chirpboard/app/controllers/sessions_controller.rb": {
        "lines": [
          1,
          1,
          null,
          1,
          null,
          null,
          1,
          7,
          7,
          null,
          7,
          7,
          null,
          7,
          7,
          null,
          7,
          7,
          7,
          6,
          6,
          null,
          1,
          1,
          null,
          null,
          null,
          null,
          1,
          1,
          1,
          null,
          null
        ]
      },
      "/Users/mac/chirpboard/app/controllers/follows_controller.rb": {
        "lines": [
          1,
          1,
          null,
          1,
          1,
          null,
          1,
          null,
          1,
          null,
          null,
          1,
          1,
          1,
          null,
          1,
          null,
          1,
          null,
          null,
          1,
          2,
          0,
          null,
          null,
          null
        ]
      },
      "/Users/mac/chirpboard/app/controllers/api/v1/sessions_controller.rb": {
        "lines": [
          1,
          1,
          1,
          1,
          null,
          1,
          2,
          null,
          2,
          1,
          null,
          null,
          null,
          null,
          null,
          1,
          null,
          null,
          null,
          null
        ]
      },
      "/Users/mac/chirpboard/app/controllers/home_controller.rb": {
        "lines": [
          1,
          1,
          null,
          5,
          null,
          4,
          null,
          null,
          4,
          null,
          4,
          null,
          1,
          null,
          null,
          null
        ]
      },
      "/Users/mac/chirpboard/app/controllers/posts_controller.rb": {
        "lines": [
          1,
          1,
          1,
          1,
          null,
          1,
          1,
          1,
          1,
          null,
          0,
          null,
          null,
          null,
          null,
          1,
          0,
          0,
          0,
          null,
          null,
          1,
          null,
          1,
          1,
          null,
          null
        ]
      },
      "/Users/mac/chirpboard/app/controllers/users_controller.rb": {
        "lines": [
          1,
          1,
          null,
          1,
          0,
          null,
          null,
          1,
          0,
          0,
          0,
          0,
          null,
          0,
          null,
          null,
          null,
          1,
          1,
          null,
          null,
          1,
          1,
          1,
          0,
          null,
          null,
          null,
          1,
          1,
          1,
          1,
          null,
          0,
          null,
          null,
          null,
          1,
          0,
          0,
          null,
          1,
          1,
          1,
          null,
          null
        ]
      }
    },
    "timestamp": 1771398392
  }
}
